<?xml version="1.0" encoding="UTF-8"?>
<!-- Generated by org.testng.reporters.JUnitReportReporter -->
<testsuite hostname="BOOK-DA60ANED4E" failures="0" tests="4" name="com.tutorialninja.TestCases.RegisterTest" time="47.016" errors="0" timestamp="2023-11-06T12:45:32 CST" skipped="0">
  <testcase classname="com.tutorialninja.TestCases.RegisterTest" name="verifyingRegisterWithMandatoryFields" time="8.949"/>
  <system-out/>
  <testcase classname="com.tutorialninja.TestCases.RegisterTest" name="verifyingRegisterWithAllFields" time="11.281"/>
  <system-out/>
  <testcase classname="com.tutorialninja.TestCases.RegisterTest" name="verifyingRegisterWithExistingEmail" time="13.460"/>
  <system-out/>
  <testcase classname="com.tutorialninja.TestCases.RegisterTest" name="verifyingRegisterWithNoFields" time="13.326"/>
  <system-out/>
</testsuite> <!-- com.tutorialninja.TestCases.RegisterTest -->
