<?xml version="1.0" encoding="UTF-8"?>
<!-- Generated by org.testng.reporters.JUnitReportReporter -->
<testsuite hostname="BOOK-DA60ANED4E" failures="0" tests="5" name="com.tutorialninja.TestCases.LogInnTest" time="41.557" errors="0" timestamp="2023-11-06T12:45:32 CST" skipped="0">
  <testcase classname="com.tutorialninja.TestCases.LogInnTest" name="verifyLoginWithValidCredentials" time="8.433"/>
  <system-out/>
  <testcase classname="com.tutorialninja.TestCases.LogInnTest" name="verifyLoginWithInvalidCredentials" time="7.608"/>
  <system-out/>
  <testcase classname="com.tutorialninja.TestCases.LogInnTest" name="verifyLoginWithValidEmailInvalidPassword" time="9.415"/>
  <system-out/>
  <testcase classname="com.tutorialninja.TestCases.LogInnTest" name="verifyLoginWithInvalidEmailValidPassword" time="7.842"/>
  <system-out/>
  <testcase classname="com.tutorialninja.TestCases.LogInnTest" name="verifyLoginWithNoCredentials" time="8.259"/>
  <system-out/>
</testsuite> <!-- com.tutorialninja.TestCases.LogInnTest -->
