<?xml version="1.0" encoding="UTF-8"?>
<!-- Generated by org.testng.reporters.JUnitReportReporter -->
<testsuite hostname="BOOK-DA60ANED4E" failures="0" tests="3" name="com.tutorialninja.TestCases.SearchProductTest" time="22.533" errors="0" timestamp="2023-11-06T12:45:32 CST" skipped="0">
  <testcase classname="com.tutorialninja.TestCases.SearchProductTest" name="verifySearchWithValidProduct" time="7.419"/>
  <system-out/>
  <testcase classname="com.tutorialninja.TestCases.SearchProductTest" name="verifySearchWithInvalidProduct" time="7.545"/>
  <system-out/>
  <testcase classname="com.tutorialninja.TestCases.SearchProductTest" name="verifySearchWithNoProduct" time="7.569"/>
  <system-out/>
</testsuite> <!-- com.tutorialninja.TestCases.SearchProductTest -->
